<?xml version="1.0" encoding="UTF-8"?>
<!-- Generated by org.testng.reporters.JUnitReportReporter -->
<testsuite hostname="DESKTOP-2DK4RMF" failures="0" tests="1" name="lab.ManageDemandTest" time="0.017" errors="0" timestamp="2022-04-01T21:38:14 PET" skipped="0">
  <testcase classname="lab.ManageDemandTest" name="test_AllOrdersFromPeru" time="0.017"/>
</testsuite> <!-- lab.ManageDemandTest -->
