<?xml version="1.0" encoding="UTF-8"?>
<!-- Generated by org.testng.reporters.JUnitReportReporter -->
<testsuite hostname="DESKTOP-2DK4RMF" failures="0" tests="1" name="lab.ManageDemandTest" time="0.002" errors="0" timestamp="2022-03-31T21:26:13 PET" skipped="0">
  <testcase classname="lab.ManageDemandTest" name="test_AllOrdersFromPeru" time="0.002"/>
</testsuite> <!-- lab.ManageDemandTest -->
